-------------------------------------------------------------------------------
Test set: pajeobject.CatalogPageTest
-------------------------------------------------------------------------------
Tests run: 1, Failures: 0, Errors: 1, Skipped: 0, Time elapsed: 0.001 s <<< FAILURE! - in pajeobject.CatalogPageTest
pajeobject.CatalogPageTest  Time elapsed: 0.001 s  <<< ERROR!
java.lang.IllegalStateException: No webdriver is bound to current thread: 1. You need to call open(url) first.
	at pajeobject.CatalogPageTest.navigateToOnlinerClickOnCatalogLink(CatalogPageTest.java:26)

